<?xml version="1.0" encoding="UTF-8"?>
<!-- Generated by org.testng.reporters.JUnitXMLReporter -->
<testsuite hostname="INCHEXTSLT013" name="Default test" tests="3" failures="0" timestamp="4 Mar 2019 12:17:56 GMT" time="178.406" errors="0">
  <testcase name="newrewardtransaction" time="39.454" classname="testcases.NewTransaction"/>
  <testcase name="newpurchasebalancetransaction" time="29.516" classname="testcases.NewTransaction"/>
  <testcase name="itemdetailtransaction" time="43.817" classname="testcases.NewTransaction"/>
</testsuite> <!-- Default test -->
