<?xml version="1.0" encoding="UTF-8"?>
<!-- Generated by org.testng.reporters.JUnitXMLReporter -->
<testsuite hostname="INCHEXTSLT014" name="Default test" tests="3" failures="0" timestamp="4 Mar 2019 10:43:35 GMT" time="196.512" errors="0">
  <testcase name="newrewardtransaction" time="35.353" classname="testcases.NewTransaction"/>
  <testcase name="newpurchasebalancetransaction" time="36.004" classname="testcases.NewTransaction"/>
  <testcase name="itemdetailtransaction" time="56.782" classname="testcases.NewTransaction"/>
</testsuite> <!-- Default test -->
