<?xml version="1.0" encoding="UTF-8"?>
<testng-results skipped="0" failed="0" total="2" passed="2">
  <reporter-output>
  </reporter-output>
  <suite name="Default suite" duration-ms="35713" started-at="2019-03-05T11:30:58Z" finished-at="2019-03-05T11:31:34Z">
    <groups>
    </groups>
    <test name="Default test" duration-ms="35713" started-at="2019-03-05T11:30:58Z" finished-at="2019-03-05T11:31:34Z">
      <class name="testcases.memberV2Search">
        <test-method status="PASS" signature="setup()[pri:0, instance:testcases.memberV2Search@1e88b3c]" name="setup" is-config="true" duration-ms="24117" started-at="2019-03-05T17:00:58Z" finished-at="2019-03-05T17:01:23Z">
          <reporter-output>
          </reporter-output>
        </test-method> <!-- setup -->
        <test-method status="PASS" signature="v2MemberSearch_tc01()[pri:1, instance:testcases.memberV2Search@1e88b3c]" name="v2MemberSearch_tc01" duration-ms="7258" started-at="2019-03-05T17:01:23Z" finished-at="2019-03-05T17:01:30Z">
          <reporter-output>
          </reporter-output>
        </test-method> <!-- v2MemberSearch_tc01 -->
        <test-method status="PASS" signature="v2MemberSearch_tc02()[pri:2, instance:testcases.memberV2Search@1e88b3c]" name="v2MemberSearch_tc02" duration-ms="4318" started-at="2019-03-05T17:01:30Z" finished-at="2019-03-05T17:01:34Z">
          <reporter-output>
          </reporter-output>
        </test-method> <!-- v2MemberSearch_tc02 -->
      </class> <!-- testcases.memberV2Search -->
    </test> <!-- Default test -->
  </suite> <!-- Default suite -->
</testng-results>
