<?xml version="1.0" encoding="UTF-8"?>
<testng-results skipped="0" failed="0" total="3" passed="3">
  <reporter-output>
  </reporter-output>
  <suite name="Default suite" duration-ms="178406" started-at="2019-03-04T12:14:57Z" finished-at="2019-03-04T12:17:56Z">
    <groups>
    </groups>
    <test name="Default test" duration-ms="178406" started-at="2019-03-04T12:14:57Z" finished-at="2019-03-04T12:17:56Z">
      <class name="testcases.NewTransaction">
        <test-method status="PASS" signature="setup()[pri:0, instance:testcases.NewTransaction@3e6fa38a]" name="setup" is-config="true" duration-ms="24172" started-at="2019-03-04T17:44:57Z" finished-at="2019-03-04T17:45:21Z">
          <reporter-output>
          </reporter-output>
        </test-method> <!-- setup -->
        <test-method status="PASS" signature="newrewardtransaction()[pri:1, instance:testcases.NewTransaction@3e6fa38a]" name="newrewardtransaction" duration-ms="39454" started-at="2019-03-04T17:45:21Z" finished-at="2019-03-04T17:46:01Z">
          <reporter-output>
          </reporter-output>
        </test-method> <!-- newrewardtransaction -->
        <test-method status="PASS" signature="quit()[pri:0, instance:testcases.NewTransaction@3e6fa38a]" name="quit" is-config="true" duration-ms="105" started-at="2019-03-04T17:46:01Z" finished-at="2019-03-04T17:46:01Z">
          <reporter-output>
          </reporter-output>
        </test-method> <!-- quit -->
        <test-method status="PASS" signature="setup()[pri:0, instance:testcases.NewTransaction@3e6fa38a]" name="setup" is-config="true" duration-ms="20947" started-at="2019-03-04T17:46:01Z" finished-at="2019-03-04T17:46:22Z">
          <reporter-output>
          </reporter-output>
        </test-method> <!-- setup -->
        <test-method status="PASS" signature="newpurchasebalancetransaction()[pri:2, instance:testcases.NewTransaction@3e6fa38a]" name="newpurchasebalancetransaction" duration-ms="29516" started-at="2019-03-04T17:46:22Z" finished-at="2019-03-04T17:46:52Z">
          <reporter-output>
          </reporter-output>
        </test-method> <!-- newpurchasebalancetransaction -->
        <test-method status="PASS" signature="quit()[pri:0, instance:testcases.NewTransaction@3e6fa38a]" name="quit" is-config="true" duration-ms="154" started-at="2019-03-04T17:46:52Z" finished-at="2019-03-04T17:46:52Z">
          <reporter-output>
          </reporter-output>
        </test-method> <!-- quit -->
        <test-method status="PASS" signature="setup()[pri:0, instance:testcases.NewTransaction@3e6fa38a]" name="setup" is-config="true" duration-ms="20123" started-at="2019-03-04T17:46:52Z" finished-at="2019-03-04T17:47:12Z">
          <reporter-output>
          </reporter-output>
        </test-method> <!-- setup -->
        <test-method status="PASS" signature="itemdetailtransaction()[pri:3, instance:testcases.NewTransaction@3e6fa38a]" name="itemdetailtransaction" duration-ms="43817" started-at="2019-03-04T17:47:12Z" finished-at="2019-03-04T17:47:56Z">
          <reporter-output>
          </reporter-output>
        </test-method> <!-- itemdetailtransaction -->
        <test-method status="PASS" signature="quit()[pri:0, instance:testcases.NewTransaction@3e6fa38a]" name="quit" is-config="true" duration-ms="91" started-at="2019-03-04T17:47:56Z" finished-at="2019-03-04T17:47:56Z">
          <reporter-output>
          </reporter-output>
        </test-method> <!-- quit -->
      </class> <!-- testcases.NewTransaction -->
    </test> <!-- Default test -->
  </suite> <!-- Default suite -->
</testng-results>
